# lattice-best-path --lm-scale=14 --word-symbol-table=exp/mono/graph/words.txt "ark:gunzip -c exp/mono/decode/lat.*.gz|" ark,t:exp/mono/decode/scoring/14.tra 
# Started at Sun Feb 21 02:53:35 UTC 2021
#
lattice-best-path --lm-scale=14 --word-symbol-table=exp/mono/graph/words.txt 'ark:gunzip -c exp/mono/decode/lat.*.gz|' ark,t:exp/mono/decode/scoring/14.tra 
LOG (lattice-best-path[5.5.0~1531-d619]:main():lattice-best-path.cc:99) For utterance 1_584, best cost 349.908 + 20105.2 = 20455.1 over 220 frames.
1_584 five eight four 
LOG (lattice-best-path[5.5.0~1531-d619]:main():lattice-best-path.cc:99) For utterance 1_774, best cost 376.32 + 20892.2 = 21268.5 over 240 frames.
1_774 seven seven four 
LOG (lattice-best-path[5.5.0~1531-d619]:main():lattice-best-path.cc:99) For utterance 1_789, best cost 334.037 + 19678.2 = 20012.2 over 226 frames.
1_789 seven eight nine 
LOG (lattice-best-path[5.5.0~1531-d619]:main():lattice-best-path.cc:99) For utterance 1_897, best cost 330.635 + 18789.9 = 19120.5 over 210 frames.
1_897 eight nine seven 
LOG (lattice-best-path[5.5.0~1531-d619]:main():lattice-best-path.cc:99) For utterance 1_905, best cost 336.495 + 19151.1 = 19487.6 over 223 frames.
1_905 nine zero five 
LOG (lattice-best-path[5.5.0~1531-d619]:main():lattice-best-path.cc:99) For utterance 1_964, best cost 330.2 + 18118.3 = 18448.5 over 208 frames.
1_964 nine six four 
LOG (lattice-best-path[5.5.0~1531-d619]:main():lattice-best-path.cc:99) For utterance 2_021, best cost 315.79 + 19365.1 = 19680.9 over 247 frames.
2_021 zero two one 
LOG (lattice-best-path[5.5.0~1531-d619]:main():lattice-best-path.cc:99) For utterance 2_578, best cost 341.566 + 18949.7 = 19291.3 over 228 frames.
2_578 five seven eight 
LOG (lattice-best-path[5.5.0~1531-d619]:main():lattice-best-path.cc:99) For utterance 2_702, best cost 351.42 + 21263.7 = 21615.1 over 268 frames.
2_702 seven zero two 
LOG (lattice-best-path[5.5.0~1531-d619]:main():lattice-best-path.cc:99) For utterance 2_718, best cost 338.911 + 19868.3 = 20207.2 over 248 frames.
2_718 seven one eight 
LOG (lattice-best-path[5.5.0~1531-d619]:main():lattice-best-path.cc:99) For utterance 2_789, best cost 351.305 + 21931.9 = 22283.2 over 249 frames.
2_789 seven eight nine 
LOG (lattice-best-path[5.5.0~1531-d619]:main():lattice-best-path.cc:99) For utterance 2_891, best cost 324.12 + 21043.5 = 21367.6 over 235 frames.
2_891 eight nine one 
LOG (lattice-best-path[5.5.0~1531-d619]:main():lattice-best-path.cc:99) For utterance 3_132, best cost 360.088 + 22577.3 = 22937.4 over 276 frames.
3_132 one three two 
LOG (lattice-best-path[5.5.0~1531-d619]:main():lattice-best-path.cc:99) For utterance 3_254, best cost 315.623 + 20439 = 20754.6 over 256 frames.
3_254 two five four 
LOG (lattice-best-path[5.5.0~1531-d619]:main():lattice-best-path.cc:99) For utterance 3_467, best cost 347.863 + 21930.6 = 22278.5 over 272 frames.
3_467 four six seven 
LOG (lattice-best-path[5.5.0~1531-d619]:main():lattice-best-path.cc:99) For utterance 3_587, best cost 332.159 + 19853.5 = 20185.6 over 238 frames.
3_587 five eight seven 
LOG (lattice-best-path[5.5.0~1531-d619]:main():lattice-best-path.cc:99) For utterance 3_789, best cost 330.221 + 20439.2 = 20769.4 over 247 frames.
3_789 seven eight nine 
LOG (lattice-best-path[5.5.0~1531-d619]:main():lattice-best-path.cc:99) For utterance 3_945, best cost 329.356 + 20756 = 21085.4 over 258 frames.
3_945 nine four five 
LOG (lattice-best-path[5.5.0~1531-d619]:main():lattice-best-path.cc:99) For utterance 4_112, best cost 306.352 + 17639.3 = 17945.6 over 227 frames.
4_112 one one two 
LOG (lattice-best-path[5.5.0~1531-d619]:main():lattice-best-path.cc:99) For utterance 4_141, best cost 315.688 + 18751.2 = 19066.9 over 241 frames.
4_141 one four one 
LOG (lattice-best-path[5.5.0~1531-d619]:main():lattice-best-path.cc:99) For utterance 4_412, best cost 307.401 + 18156.6 = 18464 over 233 frames.
4_412 four one two 
LOG (lattice-best-path[5.5.0~1531-d619]:main():lattice-best-path.cc:99) For utterance 4_596, best cost 338.893 + 21645 = 21983.8 over 254 frames.
4_596 five nine six 
LOG (lattice-best-path[5.5.0~1531-d619]:main():lattice-best-path.cc:99) For utterance 4_841, best cost 318.961 + 21253.8 = 21572.8 over 263 frames.
4_841 eight four one 
LOG (lattice-best-path[5.5.0~1531-d619]:main():lattice-best-path.cc:99) For utterance 4_984, best cost 322.4 + 21197.4 = 21519.8 over 249 frames.
4_984 nine eight four 
LOG (lattice-best-path[5.5.0~1531-d619]:main():lattice-best-path.cc:99) For utterance 5_105, best cost 342.129 + 26697.4 = 27039.5 over 310 frames.
5_105 one zero five 
LOG (lattice-best-path[5.5.0~1531-d619]:main():lattice-best-path.cc:99) For utterance 5_236, best cost 367.803 + 26382 = 26749.8 over 306 frames.
5_236 two three six 
LOG (lattice-best-path[5.5.0~1531-d619]:main():lattice-best-path.cc:99) For utterance 5_415, best cost 319.086 + 18848.1 = 19167.2 over 230 frames.
5_415 four one five 
LOG (lattice-best-path[5.5.0~1531-d619]:main():lattice-best-path.cc:99) For utterance 5_419, best cost 334.933 + 27714 = 28048.9 over 327 frames.
5_419 four one nine 
LOG (lattice-best-path[5.5.0~1531-d619]:main():lattice-best-path.cc:99) For utterance 5_742, best cost 326.053 + 22340.9 = 22667 over 268 frames.
5_742 seven four two 
LOG (lattice-best-path[5.5.0~1531-d619]:main():lattice-best-path.cc:99) For utterance 5_986, best cost 380.793 + 26795.1 = 27175.9 over 307 frames.
5_986 nine eight six 
LOG (lattice-best-path[5.5.0~1531-d619]:main():lattice-best-path.cc:99) For utterance 6_032, best cost 446.535 + 29905.3 = 30351.9 over 311 frames.
6_032 zero three two 
LOG (lattice-best-path[5.5.0~1531-d619]:main():lattice-best-path.cc:99) For utterance 6_123, best cost 505.659 + 27818.7 = 28324.4 over 276 frames.
6_123 nine two eight three eight eight 
LOG (lattice-best-path[5.5.0~1531-d619]:main():lattice-best-path.cc:99) For utterance 6_230, best cost 377.754 + 24438.1 = 24815.8 over 274 frames.
6_230 two three zero 
LOG (lattice-best-path[5.5.0~1531-d619]:main():lattice-best-path.cc:99) For utterance 6_234, best cost 383.475 + 27191.5 = 27575 over 289 frames.
6_234 two three four 
LOG (lattice-best-path[5.5.0~1531-d619]:main():lattice-best-path.cc:99) For utterance 6_450, best cost 412.324 + 29410.8 = 29823.1 over 297 frames.
6_450 four five six 
LOG (lattice-best-path[5.5.0~1531-d619]:main():lattice-best-path.cc:99) For utterance 6_560, best cost 473.493 + 32775.7 = 33249.1 over 323 frames.
6_560 five six six 
LOG (lattice-best-path[5.5.0~1531-d619]:main():lattice-best-path.cc:99) For utterance 7_011, best cost 367.943 + 23817.6 = 24185.5 over 282 frames.
7_011 zero one one 
LOG (lattice-best-path[5.5.0~1531-d619]:main():lattice-best-path.cc:99) For utterance 7_230, best cost 408.667 + 28305.1 = 28713.8 over 284 frames.
7_230 two three zero 
LOG (lattice-best-path[5.5.0~1531-d619]:main():lattice-best-path.cc:99) For utterance 7_567, best cost 355.358 + 24580.9 = 24936.3 over 253 frames.
7_567 five six seven 
LOG (lattice-best-path[5.5.0~1531-d619]:main():lattice-best-path.cc:99) For utterance 7_678, best cost 337.831 + 24492.8 = 24830.7 over 249 frames.
7_678 six seven eight 
LOG (lattice-best-path[5.5.0~1531-d619]:main():lattice-best-path.cc:99) For utterance 7_748, best cost 443.435 + 25454.1 = 25897.5 over 240 frames.
7_748 seven one eight 
LOG (lattice-best-path[5.5.0~1531-d619]:main():lattice-best-path.cc:99) For utterance 7_951, best cost 381.735 + 24906.1 = 25287.8 over 257 frames.
7_951 nine five one 
LOG (lattice-best-path[5.5.0~1531-d619]:main():lattice-best-path.cc:99) For utterance 8_122, best cost 294.99 + 21417.5 = 21712.5 over 248 frames.
8_122 one two two 
LOG (lattice-best-path[5.5.0~1531-d619]:main():lattice-best-path.cc:99) For utterance 8_221, best cost 298.031 + 21526.4 = 21824.5 over 258 frames.
8_221 two two one 
LOG (lattice-best-path[5.5.0~1531-d619]:main():lattice-best-path.cc:99) For utterance 8_235, best cost 322.928 + 22908 = 23230.9 over 261 frames.
8_235 two three five 
LOG (lattice-best-path[5.5.0~1531-d619]:main():lattice-best-path.cc:99) For utterance 8_348, best cost 327.278 + 26449 = 26776.3 over 306 frames.
8_348 three four eight 
LOG (lattice-best-path[5.5.0~1531-d619]:main():lattice-best-path.cc:99) For utterance 8_524, best cost 313.735 + 21173.9 = 21487.6 over 248 frames.
8_524 five two four 
LOG (lattice-best-path[5.5.0~1531-d619]:main():lattice-best-path.cc:99) For utterance 8_808, best cost 335.635 + 24670.3 = 25005.9 over 273 frames.
8_808 eight zero eight 
LOG (lattice-best-path[5.5.0~1531-d619]:main():lattice-best-path.cc:124) Overall cost per frame is 88.904 = 1.34982 [graph] + 87.5542 [acoustic] over 12493 frames.
LOG (lattice-best-path[5.5.0~1531-d619]:main():lattice-best-path.cc:128) Done 48 lattices, failed for 0
# Accounting: time=0 threads=1
# Ended (code 0) at Sun Feb 21 02:53:35 UTC 2021, elapsed time 0 seconds
