# lattice-best-path --lm-scale=16 --word-symbol-table=exp/mono/graph/words.txt "ark:gunzip -c exp/mono/decode/lat.*.gz|" ark,t:exp/mono/decode/scoring/16.tra 
# Started at Sun Feb 21 02:53:35 UTC 2021
#
lattice-best-path --lm-scale=16 --word-symbol-table=exp/mono/graph/words.txt 'ark:gunzip -c exp/mono/decode/lat.*.gz|' ark,t:exp/mono/decode/scoring/16.tra 
LOG (lattice-best-path[5.5.0~1531-d619]:main():lattice-best-path.cc:99) For utterance 1_584, best cost 399.894 + 20105.2 = 20505.1 over 220 frames.
1_584 five eight four 
LOG (lattice-best-path[5.5.0~1531-d619]:main():lattice-best-path.cc:99) For utterance 1_774, best cost 430.08 + 20892.2 = 21322.2 over 240 frames.
1_774 seven seven four 
LOG (lattice-best-path[5.5.0~1531-d619]:main():lattice-best-path.cc:99) For utterance 1_789, best cost 381.757 + 19678.2 = 20059.9 over 226 frames.
1_789 seven eight nine 
LOG (lattice-best-path[5.5.0~1531-d619]:main():lattice-best-path.cc:99) For utterance 1_897, best cost 377.868 + 18789.9 = 19167.7 over 210 frames.
1_897 eight nine seven 
LOG (lattice-best-path[5.5.0~1531-d619]:main():lattice-best-path.cc:99) For utterance 1_905, best cost 384.565 + 19151.1 = 19535.6 over 223 frames.
1_905 nine zero five 
LOG (lattice-best-path[5.5.0~1531-d619]:main():lattice-best-path.cc:99) For utterance 1_964, best cost 377.371 + 18118.3 = 18495.7 over 208 frames.
1_964 nine six four 
LOG (lattice-best-path[5.5.0~1531-d619]:main():lattice-best-path.cc:99) For utterance 2_021, best cost 360.903 + 19365.1 = 19726 over 247 frames.
2_021 zero two one 
LOG (lattice-best-path[5.5.0~1531-d619]:main():lattice-best-path.cc:99) For utterance 2_578, best cost 390.361 + 18949.7 = 19340.1 over 228 frames.
2_578 five seven eight 
LOG (lattice-best-path[5.5.0~1531-d619]:main():lattice-best-path.cc:99) For utterance 2_702, best cost 401.623 + 21263.7 = 21665.3 over 268 frames.
2_702 seven zero two 
LOG (lattice-best-path[5.5.0~1531-d619]:main():lattice-best-path.cc:99) For utterance 2_718, best cost 387.326 + 19868.3 = 20255.6 over 248 frames.
2_718 seven one eight 
LOG (lattice-best-path[5.5.0~1531-d619]:main():lattice-best-path.cc:99) For utterance 2_789, best cost 401.492 + 21931.9 = 22333.4 over 249 frames.
2_789 seven eight nine 
LOG (lattice-best-path[5.5.0~1531-d619]:main():lattice-best-path.cc:99) For utterance 2_891, best cost 370.422 + 21043.5 = 21413.9 over 235 frames.
2_891 eight nine one 
LOG (lattice-best-path[5.5.0~1531-d619]:main():lattice-best-path.cc:99) For utterance 3_132, best cost 411.529 + 22577.3 = 22988.8 over 276 frames.
3_132 one three two 
LOG (lattice-best-path[5.5.0~1531-d619]:main():lattice-best-path.cc:99) For utterance 3_254, best cost 360.712 + 20439 = 20799.7 over 256 frames.
3_254 two five four 
LOG (lattice-best-path[5.5.0~1531-d619]:main():lattice-best-path.cc:99) For utterance 3_467, best cost 397.557 + 21930.6 = 22328.2 over 272 frames.
3_467 four six seven 
LOG (lattice-best-path[5.5.0~1531-d619]:main():lattice-best-path.cc:99) For utterance 3_587, best cost 379.61 + 19853.5 = 20233.1 over 238 frames.
3_587 five eight seven 
LOG (lattice-best-path[5.5.0~1531-d619]:main():lattice-best-path.cc:99) For utterance 3_789, best cost 377.396 + 20439.2 = 20816.6 over 247 frames.
3_789 seven eight nine 
LOG (lattice-best-path[5.5.0~1531-d619]:main():lattice-best-path.cc:99) For utterance 3_945, best cost 376.407 + 20756 = 21132.5 over 258 frames.
3_945 nine four five 
LOG (lattice-best-path[5.5.0~1531-d619]:main():lattice-best-path.cc:99) For utterance 4_112, best cost 350.117 + 17639.3 = 17989.4 over 227 frames.
4_112 one one two 
LOG (lattice-best-path[5.5.0~1531-d619]:main():lattice-best-path.cc:99) For utterance 4_141, best cost 360.786 + 18751.2 = 19112 over 241 frames.
4_141 one four one 
LOG (lattice-best-path[5.5.0~1531-d619]:main():lattice-best-path.cc:99) For utterance 4_412, best cost 351.315 + 18156.6 = 18507.9 over 233 frames.
4_412 four one two 
LOG (lattice-best-path[5.5.0~1531-d619]:main():lattice-best-path.cc:99) For utterance 4_596, best cost 387.307 + 21645 = 22032.3 over 254 frames.
4_596 five nine six 
LOG (lattice-best-path[5.5.0~1531-d619]:main():lattice-best-path.cc:99) For utterance 4_841, best cost 364.527 + 21253.8 = 21618.3 over 263 frames.
4_841 eight four one 
LOG (lattice-best-path[5.5.0~1531-d619]:main():lattice-best-path.cc:99) For utterance 4_984, best cost 368.457 + 21197.4 = 21565.8 over 249 frames.
4_984 nine eight four 
LOG (lattice-best-path[5.5.0~1531-d619]:main():lattice-best-path.cc:99) For utterance 5_105, best cost 391.005 + 26697.4 = 27088.4 over 310 frames.
5_105 one zero five 
LOG (lattice-best-path[5.5.0~1531-d619]:main():lattice-best-path.cc:99) For utterance 5_236, best cost 420.347 + 26382 = 26802.4 over 306 frames.
5_236 two three six 
LOG (lattice-best-path[5.5.0~1531-d619]:main():lattice-best-path.cc:99) For utterance 5_415, best cost 364.669 + 18848.1 = 19212.7 over 230 frames.
5_415 four one five 
LOG (lattice-best-path[5.5.0~1531-d619]:main():lattice-best-path.cc:99) For utterance 5_419, best cost 382.78 + 27714 = 28096.8 over 327 frames.
5_419 four one nine 
LOG (lattice-best-path[5.5.0~1531-d619]:main():lattice-best-path.cc:99) For utterance 5_742, best cost 372.632 + 22340.9 = 22713.5 over 268 frames.
5_742 seven four two 
LOG (lattice-best-path[5.5.0~1531-d619]:main():lattice-best-path.cc:99) For utterance 5_986, best cost 435.192 + 26795.1 = 27230.3 over 307 frames.
5_986 nine eight six 
LOG (lattice-best-path[5.5.0~1531-d619]:main():lattice-best-path.cc:99) For utterance 6_032, best cost 510.326 + 29905.3 = 30415.7 over 311 frames.
6_032 zero three two 
LOG (lattice-best-path[5.5.0~1531-d619]:main():lattice-best-path.cc:99) For utterance 6_123, best cost 577.896 + 27818.7 = 28396.6 over 276 frames.
6_123 nine two eight three eight eight 
LOG (lattice-best-path[5.5.0~1531-d619]:main():lattice-best-path.cc:99) For utterance 6_230, best cost 431.718 + 24438.1 = 24869.8 over 274 frames.
6_230 two three zero 
LOG (lattice-best-path[5.5.0~1531-d619]:main():lattice-best-path.cc:99) For utterance 6_234, best cost 438.258 + 27191.5 = 27629.8 over 289 frames.
6_234 two three four 
LOG (lattice-best-path[5.5.0~1531-d619]:main():lattice-best-path.cc:99) For utterance 6_450, best cost 471.227 + 29410.8 = 29882 over 297 frames.
6_450 four five six 
LOG (lattice-best-path[5.5.0~1531-d619]:main():lattice-best-path.cc:99) For utterance 6_560, best cost 541.135 + 32775.7 = 33316.8 over 323 frames.
6_560 five six six 
LOG (lattice-best-path[5.5.0~1531-d619]:main():lattice-best-path.cc:99) For utterance 7_011, best cost 420.506 + 23817.6 = 24238.1 over 282 frames.
7_011 zero one one 
LOG (lattice-best-path[5.5.0~1531-d619]:main():lattice-best-path.cc:99) For utterance 7_230, best cost 467.049 + 28305.1 = 28772.1 over 284 frames.
7_230 two three zero 
LOG (lattice-best-path[5.5.0~1531-d619]:main():lattice-best-path.cc:99) For utterance 7_567, best cost 406.124 + 24580.9 = 24987.1 over 253 frames.
7_567 five six seven 
LOG (lattice-best-path[5.5.0~1531-d619]:main():lattice-best-path.cc:99) For utterance 7_678, best cost 386.093 + 24492.8 = 24878.9 over 249 frames.
7_678 six seven eight 
LOG (lattice-best-path[5.5.0~1531-d619]:main():lattice-best-path.cc:99) For utterance 7_748, best cost 506.782 + 25454.1 = 25960.9 over 240 frames.
7_748 seven one eight 
LOG (lattice-best-path[5.5.0~1531-d619]:main():lattice-best-path.cc:99) For utterance 7_951, best cost 436.269 + 24906.1 = 25342.3 over 257 frames.
7_951 nine five one 
LOG (lattice-best-path[5.5.0~1531-d619]:main():lattice-best-path.cc:99) For utterance 8_122, best cost 337.132 + 21417.5 = 21754.6 over 248 frames.
8_122 one two two 
LOG (lattice-best-path[5.5.0~1531-d619]:main():lattice-best-path.cc:99) For utterance 8_221, best cost 340.607 + 21526.4 = 21867 over 258 frames.
8_221 two two one 
LOG (lattice-best-path[5.5.0~1531-d619]:main():lattice-best-path.cc:99) For utterance 8_235, best cost 369.061 + 22908 = 23277.1 over 261 frames.
8_235 two three five 
LOG (lattice-best-path[5.5.0~1531-d619]:main():lattice-best-path.cc:99) For utterance 8_348, best cost 374.032 + 26449 = 26823 over 306 frames.
8_348 three four eight 
LOG (lattice-best-path[5.5.0~1531-d619]:main():lattice-best-path.cc:99) For utterance 8_524, best cost 358.554 + 21173.9 = 21532.4 over 248 frames.
8_524 five two four 
LOG (lattice-best-path[5.5.0~1531-d619]:main():lattice-best-path.cc:99) For utterance 8_808, best cost 383.583 + 24670.3 = 25053.9 over 273 frames.
8_808 eight zero eight 
LOG (lattice-best-path[5.5.0~1531-d619]:main():lattice-best-path.cc:124) Overall cost per frame is 89.0969 = 1.54265 [graph] + 87.5542 [acoustic] over 12493 frames.
LOG (lattice-best-path[5.5.0~1531-d619]:main():lattice-best-path.cc:128) Done 48 lattices, failed for 0
# Accounting: time=0 threads=1
# Ended (code 0) at Sun Feb 21 02:53:35 UTC 2021, elapsed time 0 seconds
