# gunzip -c exp/tri1/decode/depth_tmp.*.gz | steps/diagnostic/analyze_lattice_depth_stats.py exp/tri1/graph exp/tri1/decode/ali_frame_tmp.gz 
# Started at Sun Feb 21 02:53:52 UTC 2021
#
The total amount of data analyzed assuming 100 frames per second is 0.0 hours
Overall, lattice depth (10,50,90-percentile)=(1,1,1) and mean=1.2
Nonsilence phones as a group account for 56.9% of frames, with lattice depth (10,50,90-percentile)=(1,1,1) and mean=1.2
Phone sil accounts for 43.1% of frames, with lattice depth (10,50,90-percentile)=(1,1,1) and mean=1.1
Phone n_E accounts for 5.4% of frames, with lattice depth (10,50,90-percentile)=(1,1,1) and mean=1.0
Phone ay_I accounts for 5.1% of frames, with lattice depth (10,50,90-percentile)=(1,1,1) and mean=1.2
Phone uw_E accounts for 4.1% of frames, with lattice depth (10,50,90-percentile)=(1,1,1) and mean=1.0
Phone f_B accounts for 3.6% of frames, with lattice depth (10,50,90-percentile)=(1,1,1) and mean=1.1
Phone ey_B accounts for 3.5% of frames, with lattice depth (10,50,90-percentile)=(1,1,2) and mean=1.3
Phone ao_I accounts for 3.2% of frames, with lattice depth (10,50,90-percentile)=(1,1,2) and mean=1.2
Phone t_E accounts for 3.0% of frames, with lattice depth (10,50,90-percentile)=(1,1,3) and mean=1.6
Phone s_B accounts for 2.8% of frames, with lattice depth (10,50,90-percentile)=(1,1,1) and mean=1.0
Phone ah_I accounts for 2.8% of frames, with lattice depth (10,50,90-percentile)=(1,1,1) and mean=1.0
Phone ih_I accounts for 2.8% of frames, with lattice depth (10,50,90-percentile)=(1,1,1) and mean=1.2
Phone v_E accounts for 2.2% of frames, with lattice depth (10,50,90-percentile)=(1,1,3) and mean=1.3
Phone v_I accounts for 2.1% of frames, with lattice depth (10,50,90-percentile)=(1,1,1) and mean=1.0
Phone ow_E accounts for 2.0% of frames, with lattice depth (10,50,90-percentile)=(1,1,5) and mean=1.5
Phone w_B accounts for 1.9% of frames, with lattice depth (10,50,90-percentile)=(1,1,1) and mean=1.0
Phone iy_E accounts for 1.6% of frames, with lattice depth (10,50,90-percentile)=(1,1,2) and mean=1.3
Phone t_B accounts for 1.6% of frames, with lattice depth (10,50,90-percentile)=(1,1,1) and mean=1.0
Phone k_I accounts for 1.5% of frames, with lattice depth (10,50,90-percentile)=(1,1,1) and mean=1.0
Phone th_B accounts for 1.4% of frames, with lattice depth (10,50,90-percentile)=(1,1,3) and mean=1.3
Phone z_B accounts for 1.4% of frames, with lattice depth (10,50,90-percentile)=(1,1,3) and mean=1.2
Phone r_E accounts for 1.3% of frames, with lattice depth (10,50,90-percentile)=(1,1,2) and mean=1.2
Phone r_I accounts for 1.2% of frames, with lattice depth (10,50,90-percentile)=(1,1,1) and mean=1.2
Phone eh_I accounts for 1.0% of frames, with lattice depth (10,50,90-percentile)=(1,1,1) and mean=1.0
# Accounting: time=0 threads=1
# Ended (code 0) at Sun Feb 21 02:53:52 UTC 2021, elapsed time 0 seconds
