# gmm-init-model --write-occs=exp/tri1/1.occs exp/tri1/tree exp/tri1/treeacc data/lang/topo exp/tri1/1.mdl 
# Started at Sun Feb 21 02:53:37 UTC 2021
#
gmm-init-model --write-occs=exp/tri1/1.occs exp/tri1/tree exp/tri1/treeacc data/lang/topo exp/tri1/1.mdl 
LOG (gmm-init-model[5.5.0~1531-d619]:main():gmm-init-model.cc:271) Number of separate statistics is 176
WARNING (gmm-init-model[5.5.0~1531-d619]:InitAmGmm():gmm-init-model.cc:55) Tree has pdf-id 1 with no stats; corresponding phone list: 6 7 8 9 10 
WARNING (gmm-init-model[5.5.0~1531-d619]:InitAmGmm():gmm-init-model.cc:83) Very small count for state 2: 68; corresponding phone list: 11 12 13 14 
WARNING (gmm-init-model[5.5.0~1531-d619]:InitAmGmm():gmm-init-model.cc:83) Very small count for state 4: 33; corresponding phone list: 19 20 21 22 
WARNING (gmm-init-model[5.5.0~1531-d619]:InitAmGmm():gmm-init-model.cc:83) Very small count for state 5: 87; corresponding phone list: 23 24 25 26 
WARNING (gmm-init-model[5.5.0~1531-d619]:InitAmGmm():gmm-init-model.cc:83) Very small count for state 7: 89; corresponding phone list: 31 32 33 34 
WARNING (gmm-init-model[5.5.0~1531-d619]:InitAmGmm():gmm-init-model.cc:83) Very small count for state 8: 22; corresponding phone list: 35 36 37 38 
WARNING (gmm-init-model[5.5.0~1531-d619]:InitAmGmm():gmm-init-model.cc:83) Very small count for state 9: 85; corresponding phone list: 39 40 41 42 
WARNING (gmm-init-model[5.5.0~1531-d619]:InitAmGmm():gmm-init-model.cc:83) Very small count for state 11: 71; corresponding phone list: 47 48 49 50 
WARNING (gmm-init-model[5.5.0~1531-d619]:InitAmGmm():gmm-init-model.cc:83) Very small count for state 26: 72; corresponding phone list: 87 88 89 90 
WARNING (gmm-init-model[5.5.0~1531-d619]:InitAmGmm():gmm-init-model.cc:83) Very small count for state 28: 64; corresponding phone list: 39 40 41 42 
WARNING (gmm-init-model[5.5.0~1531-d619]:InitAmGmm():gmm-init-model.cc:83) Very small count for state 36: 66; corresponding phone list: 83 84 85 86 
WARNING (gmm-init-model[5.5.0~1531-d619]:InitAmGmm():gmm-init-model.cc:83) Very small count for state 39: 93; corresponding phone list: 59 60 61 62 
WARNING (gmm-init-model[5.5.0~1531-d619]:InitAmGmm():gmm-init-model.cc:83) Very small count for state 43: 91; corresponding phone list: 11 12 13 14 
WARNING (gmm-init-model[5.5.0~1531-d619]:InitAmGmm():gmm-init-model.cc:83) Very small count for state 60: 49; corresponding phone list: 31 32 33 34 
WARNING (gmm-init-model[5.5.0~1531-d619]:InitAmGmm():gmm-init-model.cc:83) Very small count for state 70: 68; corresponding phone list: 83 84 85 86 
WARNING (gmm-init-model[5.5.0~1531-d619]:InitAmGmm():gmm-init-model.cc:83) Very small count for state 71: 65; corresponding phone list: 67 68 69 70 
WARNING (gmm-init-model[5.5.0~1531-d619]:InitAmGmm():gmm-init-model.cc:83) Very small count for state 72: 70; corresponding phone list: 31 32 33 34 
WARNING (gmm-init-model[5.5.0~1531-d619]:InitAmGmm():gmm-init-model.cc:83) Very small count for state 73: 51; corresponding phone list: 19 20 21 22 
WARNING (gmm-init-model[5.5.0~1531-d619]:InitAmGmm():gmm-init-model.cc:83) Very small count for state 74: 77; corresponding phone list: 87 88 89 90 
WARNING (gmm-init-model[5.5.0~1531-d619]:InitAmGmm():gmm-init-model.cc:83) Very small count for state 75: 89; corresponding phone list: 31 32 33 34 
LOG (gmm-init-model[5.5.0~1531-d619]:main():gmm-init-model.cc:306) Wrote model.
# Accounting: time=0 threads=1
# Ended (code 0) at Sun Feb 21 02:53:37 UTC 2021, elapsed time 0 seconds
