# gmm-est --mix-up=5240 --power=0.25 --write-occs=exp/tri1/11.occs exp/tri1/10.mdl "gmm-sum-accs - exp/tri1/10.*.acc |" exp/tri1/11.mdl 
# Started at Sun Feb 21 02:53:41 UTC 2021
#
gmm-est --mix-up=5240 --power=0.25 --write-occs=exp/tri1/11.occs exp/tri1/10.mdl 'gmm-sum-accs - exp/tri1/10.*.acc |' exp/tri1/11.mdl 
gmm-sum-accs - exp/tri1/10.1.acc 
LOG (gmm-sum-accs[5.5.0~1531-d619]:main():gmm-sum-accs.cc:63) Summed 1 stats, total count 20772, avg like/frame -79.5447
LOG (gmm-sum-accs[5.5.0~1531-d619]:main():gmm-sum-accs.cc:66) Total count of stats is 20772
LOG (gmm-sum-accs[5.5.0~1531-d619]:main():gmm-sum-accs.cc:67) Written stats to -
LOG (gmm-est[5.5.0~1531-d619]:MleUpdate():transition-model.cc:528) TransitionModel::Update, objf change is 0.00731854 per frame over 20772 frames. 
LOG (gmm-est[5.5.0~1531-d619]:MleUpdate():transition-model.cc:531) 17 probabilities floored, 299 out of 394 transition-states skipped due to insuffient data (it is normal to have some skipped.)
LOG (gmm-est[5.5.0~1531-d619]:main():gmm-est.cc:102) Transition model update: Overall 0.00731854 log-like improvement per frame over 20772 frames.
WARNING (gmm-est[5.5.0~1531-d619]:MleDiagGmmUpdate():mle-diag-gmm.cc:359) Too little data - removing Gaussian (weight 0.002057, occupation count 9.811265, vector size 39)
WARNING (gmm-est[5.5.0~1531-d619]:MleDiagGmmUpdate():mle-diag-gmm.cc:359) Too little data - removing Gaussian (weight 0.001974, occupation count 9.415628, vector size 39)
WARNING (gmm-est[5.5.0~1531-d619]:MleDiagGmmUpdate():mle-diag-gmm.cc:365) Gaussian has too little data but not removing it because it is the last Gaussian: i = 0, occ = 0, weight = 1
WARNING (gmm-est[5.5.0~1531-d619]:MleDiagGmmUpdate():mle-diag-gmm.cc:359) Too little data - removing Gaussian (weight 0.045344, occupation count 9.794317, vector size 39)
WARNING (gmm-est[5.5.0~1531-d619]:MleDiagGmmUpdate():mle-diag-gmm.cc:359) Too little data - removing Gaussian (weight 0.022139, occupation count 9.232095, vector size 39)
WARNING (gmm-est[5.5.0~1531-d619]:MleDiagGmmUpdate():mle-diag-gmm.cc:359) Too little data - removing Gaussian (weight 0.021629, occupation count 9.019444, vector size 39)
WARNING (gmm-est[5.5.0~1531-d619]:MleDiagGmmUpdate():mle-diag-gmm.cc:359) Too little data - removing Gaussian (weight 0.061108, occupation count 9.532859, vector size 39)
WARNING (gmm-est[5.5.0~1531-d619]:MleDiagGmmUpdate():mle-diag-gmm.cc:359) Too little data - removing Gaussian (weight 0.015673, occupation count 9.685678, vector size 39)
WARNING (gmm-est[5.5.0~1531-d619]:MleDiagGmmUpdate():mle-diag-gmm.cc:359) Too little data - removing Gaussian (weight 0.156684, occupation count 9.871086, vector size 39)
LOG (gmm-est[5.5.0~1531-d619]:MleAmDiagGmmUpdate():mle-am-diag-gmm.cc:225) 2 variance elements floored in 2 Gaussians, out of 993
LOG (gmm-est[5.5.0~1531-d619]:MleAmDiagGmmUpdate():mle-am-diag-gmm.cc:229) Removed 8 Gaussians due to counts < --min-gaussian-occupancy=10 and --remove-low-count-gaussians=true
LOG (gmm-est[5.5.0~1531-d619]:main():gmm-est.cc:113) GMM update: Overall 0.23866 objective function improvement per frame over 20772 frames
LOG (gmm-est[5.5.0~1531-d619]:main():gmm-est.cc:116) GMM update: Overall avg like per frame = -79.5447 over 20772 frames.
WARNING (gmm-est[5.5.0~1531-d619]:GetSplitTargets():model-common.cc:134) Could not split up to 5240 due to min-count = 20 (or no counts at all)

LOG (gmm-est[5.5.0~1531-d619]:SplitByCount():am-diag-gmm.cc:116) Split 80 states with target = 5240, power = 0.25, perturb_factor = 0.01 and min_count = 20, split #Gauss from 993 to 1005
LOG (gmm-est[5.5.0~1531-d619]:main():gmm-est.cc:146) Written model to exp/tri1/11.mdl
# Accounting: time=0 threads=1
# Ended (code 0) at Sun Feb 21 02:53:41 UTC 2021, elapsed time 0 seconds
