# gmm-est --mix-up=4880 --power=0.25 --write-occs=exp/tri1/10.occs exp/tri1/9.mdl "gmm-sum-accs - exp/tri1/9.*.acc |" exp/tri1/10.mdl 
# Started at Sun Feb 21 02:53:40 UTC 2021
#
gmm-est --mix-up=4880 --power=0.25 --write-occs=exp/tri1/10.occs exp/tri1/9.mdl 'gmm-sum-accs - exp/tri1/9.*.acc |' exp/tri1/10.mdl 
gmm-sum-accs - exp/tri1/9.1.acc 
LOG (gmm-sum-accs[5.5.0~1531-d619]:main():gmm-sum-accs.cc:63) Summed 1 stats, total count 20772, avg like/frame -79.8983
LOG (gmm-sum-accs[5.5.0~1531-d619]:main():gmm-sum-accs.cc:66) Total count of stats is 20772
LOG (gmm-sum-accs[5.5.0~1531-d619]:main():gmm-sum-accs.cc:67) Written stats to -
LOG (gmm-est[5.5.0~1531-d619]:MleUpdate():transition-model.cc:528) TransitionModel::Update, objf change is 0 per frame over 20772 frames. 
LOG (gmm-est[5.5.0~1531-d619]:MleUpdate():transition-model.cc:531) 8 probabilities floored, 298 out of 394 transition-states skipped due to insuffient data (it is normal to have some skipped.)
LOG (gmm-est[5.5.0~1531-d619]:main():gmm-est.cc:102) Transition model update: Overall 0 log-like improvement per frame over 20772 frames.
WARNING (gmm-est[5.5.0~1531-d619]:MleDiagGmmUpdate():mle-diag-gmm.cc:359) Too little data - removing Gaussian (weight 0.001933, occupation count 9.174811, vector size 39)
WARNING (gmm-est[5.5.0~1531-d619]:MleDiagGmmUpdate():mle-diag-gmm.cc:365) Gaussian has too little data but not removing it because it is the last Gaussian: i = 0, occ = 0, weight = 1
WARNING (gmm-est[5.5.0~1531-d619]:MleDiagGmmUpdate():mle-diag-gmm.cc:359) Too little data - removing Gaussian (weight 0.025102, occupation count 9.237381, vector size 39)
WARNING (gmm-est[5.5.0~1531-d619]:MleDiagGmmUpdate():mle-diag-gmm.cc:359) Too little data - removing Gaussian (weight 0.012984, occupation count 9.984540, vector size 39)
WARNING (gmm-est[5.5.0~1531-d619]:MleDiagGmmUpdate():mle-diag-gmm.cc:359) Too little data - removing Gaussian (weight 0.047618, occupation count 9.095108, vector size 39)
WARNING (gmm-est[5.5.0~1531-d619]:MleDiagGmmUpdate():mle-diag-gmm.cc:359) Too little data - removing Gaussian (weight 0.054645, occupation count 10.000000, vector size 39)
WARNING (gmm-est[5.5.0~1531-d619]:MleDiagGmmUpdate():mle-diag-gmm.cc:359) Too little data - removing Gaussian (weight 0.015704, occupation count 9.689404, vector size 39)
LOG (gmm-est[5.5.0~1531-d619]:MleAmDiagGmmUpdate():mle-am-diag-gmm.cc:225) 2 variance elements floored in 2 Gaussians, out of 995
LOG (gmm-est[5.5.0~1531-d619]:MleAmDiagGmmUpdate():mle-am-diag-gmm.cc:229) Removed 6 Gaussians due to counts < --min-gaussian-occupancy=10 and --remove-low-count-gaussians=true
LOG (gmm-est[5.5.0~1531-d619]:main():gmm-est.cc:113) GMM update: Overall 0.258229 objective function improvement per frame over 20772 frames
LOG (gmm-est[5.5.0~1531-d619]:main():gmm-est.cc:116) GMM update: Overall avg like per frame = -79.8983 over 20772 frames.
WARNING (gmm-est[5.5.0~1531-d619]:GetSplitTargets():model-common.cc:134) Could not split up to 4880 due to min-count = 20 (or no counts at all)

LOG (gmm-est[5.5.0~1531-d619]:SplitByCount():am-diag-gmm.cc:116) Split 80 states with target = 4880, power = 0.25, perturb_factor = 0.01 and min_count = 20, split #Gauss from 995 to 1001
LOG (gmm-est[5.5.0~1531-d619]:main():gmm-est.cc:146) Written model to exp/tri1/10.mdl
# Accounting: time=0 threads=1
# Ended (code 0) at Sun Feb 21 02:53:40 UTC 2021, elapsed time 0 seconds
