# lattice-best-path --lm-scale=14 --word-symbol-table=exp/tri1/graph/words.txt "ark:gunzip -c exp/tri1/decode/lat.*.gz|" ark,t:exp/tri1/decode/scoring/14.tra 
# Started at Sun Feb 21 02:53:53 UTC 2021
#
lattice-best-path --lm-scale=14 --word-symbol-table=exp/tri1/graph/words.txt 'ark:gunzip -c exp/tri1/decode/lat.*.gz|' ark,t:exp/tri1/decode/scoring/14.tra 
LOG (lattice-best-path[5.5.0~1531-d619]:main():lattice-best-path.cc:99) For utterance 1_584, best cost 346.358 + 20072.5 = 20418.9 over 220 frames.
1_584 five eight four 
LOG (lattice-best-path[5.5.0~1531-d619]:main():lattice-best-path.cc:99) For utterance 1_774, best cost 373.729 + 20762 = 21135.8 over 240 frames.
1_774 seven seven four 
LOG (lattice-best-path[5.5.0~1531-d619]:main():lattice-best-path.cc:99) For utterance 1_789, best cost 329.75 + 19687.4 = 20017.2 over 226 frames.
1_789 seven eight nine 
LOG (lattice-best-path[5.5.0~1531-d619]:main():lattice-best-path.cc:99) For utterance 1_897, best cost 326.197 + 18706.1 = 19032.3 over 210 frames.
1_897 eight nine seven 
LOG (lattice-best-path[5.5.0~1531-d619]:main():lattice-best-path.cc:99) For utterance 1_905, best cost 329.093 + 19101.6 = 19430.7 over 223 frames.
1_905 nine zero five 
LOG (lattice-best-path[5.5.0~1531-d619]:main():lattice-best-path.cc:99) For utterance 1_964, best cost 329.247 + 18125.9 = 18455.2 over 208 frames.
1_964 nine six four 
LOG (lattice-best-path[5.5.0~1531-d619]:main():lattice-best-path.cc:99) For utterance 2_021, best cost 308.426 + 19228.7 = 19537.2 over 247 frames.
2_021 zero two one 
LOG (lattice-best-path[5.5.0~1531-d619]:main():lattice-best-path.cc:99) For utterance 2_578, best cost 334.1 + 18804.1 = 19138.2 over 228 frames.
2_578 five seven eight 
LOG (lattice-best-path[5.5.0~1531-d619]:main():lattice-best-path.cc:99) For utterance 2_702, best cost 342.954 + 21290.1 = 21633.1 over 268 frames.
2_702 seven zero two 
LOG (lattice-best-path[5.5.0~1531-d619]:main():lattice-best-path.cc:99) For utterance 2_718, best cost 333.774 + 19775.1 = 20108.9 over 248 frames.
2_718 seven one eight 
LOG (lattice-best-path[5.5.0~1531-d619]:main():lattice-best-path.cc:99) For utterance 2_789, best cost 344.543 + 21804.4 = 22149 over 249 frames.
2_789 seven eight nine 
LOG (lattice-best-path[5.5.0~1531-d619]:main():lattice-best-path.cc:99) For utterance 2_891, best cost 318.422 + 20889.1 = 21207.6 over 235 frames.
2_891 eight nine one 
LOG (lattice-best-path[5.5.0~1531-d619]:main():lattice-best-path.cc:99) For utterance 3_132, best cost 357.041 + 22600 = 22957.1 over 276 frames.
3_132 one three two 
LOG (lattice-best-path[5.5.0~1531-d619]:main():lattice-best-path.cc:99) For utterance 3_254, best cost 309.81 + 20619.1 = 20928.9 over 256 frames.
3_254 two five four 
LOG (lattice-best-path[5.5.0~1531-d619]:main():lattice-best-path.cc:99) For utterance 3_467, best cost 346.14 + 21873.8 = 22219.9 over 272 frames.
3_467 four six seven 
LOG (lattice-best-path[5.5.0~1531-d619]:main():lattice-best-path.cc:99) For utterance 3_587, best cost 327.336 + 19865.7 = 20193.1 over 238 frames.
3_587 five eight seven 
LOG (lattice-best-path[5.5.0~1531-d619]:main():lattice-best-path.cc:99) For utterance 3_789, best cost 327.586 + 20273.3 = 20600.9 over 247 frames.
3_789 seven eight nine 
LOG (lattice-best-path[5.5.0~1531-d619]:main():lattice-best-path.cc:99) For utterance 3_945, best cost 322.868 + 20718.5 = 21041.3 over 258 frames.
3_945 nine four five 
LOG (lattice-best-path[5.5.0~1531-d619]:main():lattice-best-path.cc:99) For utterance 4_112, best cost 305.715 + 17536.8 = 17842.5 over 227 frames.
4_112 one one two 
LOG (lattice-best-path[5.5.0~1531-d619]:main():lattice-best-path.cc:99) For utterance 4_141, best cost 316.127 + 18564.8 = 18880.9 over 241 frames.
4_141 one four one 
LOG (lattice-best-path[5.5.0~1531-d619]:main():lattice-best-path.cc:99) For utterance 4_412, best cost 305.727 + 18120 = 18425.7 over 233 frames.
4_412 four one two 
LOG (lattice-best-path[5.5.0~1531-d619]:main():lattice-best-path.cc:99) For utterance 4_596, best cost 338.476 + 21553.8 = 21892.2 over 254 frames.
4_596 five nine six 
LOG (lattice-best-path[5.5.0~1531-d619]:main():lattice-best-path.cc:99) For utterance 4_841, best cost 318.38 + 21192.4 = 21510.8 over 263 frames.
4_841 eight four one 
LOG (lattice-best-path[5.5.0~1531-d619]:main():lattice-best-path.cc:99) For utterance 4_984, best cost 317.544 + 21050.5 = 21368 over 249 frames.
4_984 nine eight four 
LOG (lattice-best-path[5.5.0~1531-d619]:main():lattice-best-path.cc:99) For utterance 5_105, best cost 336.166 + 26691.9 = 27028.1 over 310 frames.
5_105 one zero five 
LOG (lattice-best-path[5.5.0~1531-d619]:main():lattice-best-path.cc:99) For utterance 5_236, best cost 362.913 + 26341.7 = 26704.6 over 306 frames.
5_236 two three six 
LOG (lattice-best-path[5.5.0~1531-d619]:main():lattice-best-path.cc:99) For utterance 5_415, best cost 317.379 + 18683.8 = 19001.2 over 230 frames.
5_415 four one five 
LOG (lattice-best-path[5.5.0~1531-d619]:main():lattice-best-path.cc:99) For utterance 5_419, best cost 331.735 + 27685.6 = 28017.4 over 327 frames.
5_419 four one nine 
LOG (lattice-best-path[5.5.0~1531-d619]:main():lattice-best-path.cc:99) For utterance 5_742, best cost 322.003 + 22230.3 = 22552.3 over 268 frames.
5_742 seven four two 
LOG (lattice-best-path[5.5.0~1531-d619]:main():lattice-best-path.cc:99) For utterance 5_986, best cost 376.294 + 26770.9 = 27147.2 over 307 frames.
5_986 nine eight six 
LOG (lattice-best-path[5.5.0~1531-d619]:main():lattice-best-path.cc:99) For utterance 6_032, best cost 442.938 + 29846.5 = 30289.4 over 311 frames.
6_032 zero three two 
LOG (lattice-best-path[5.5.0~1531-d619]:main():lattice-best-path.cc:99) For utterance 6_123, best cost 474.602 + 27635.6 = 28110.2 over 276 frames.
6_123 one two eight three eight 
LOG (lattice-best-path[5.5.0~1531-d619]:main():lattice-best-path.cc:99) For utterance 6_230, best cost 364.437 + 24309.5 = 24673.9 over 274 frames.
6_230 two three zero 
LOG (lattice-best-path[5.5.0~1531-d619]:main():lattice-best-path.cc:99) For utterance 6_234, best cost 414.932 + 27086.8 = 27501.7 over 289 frames.
6_234 two three four 
LOG (lattice-best-path[5.5.0~1531-d619]:main():lattice-best-path.cc:99) For utterance 6_450, best cost 451.119 + 29780.5 = 30231.6 over 297 frames.
6_450 four five zero 
LOG (lattice-best-path[5.5.0~1531-d619]:main():lattice-best-path.cc:99) For utterance 6_560, best cost 456.687 + 32994.5 = 33451.2 over 323 frames.
6_560 five six zero 
LOG (lattice-best-path[5.5.0~1531-d619]:main():lattice-best-path.cc:99) For utterance 7_011, best cost 360.321 + 23954.4 = 24314.7 over 282 frames.
7_011 zero one one 
LOG (lattice-best-path[5.5.0~1531-d619]:main():lattice-best-path.cc:99) For utterance 7_230, best cost 403.769 + 28171.4 = 28575.2 over 284 frames.
7_230 two three zero 
LOG (lattice-best-path[5.5.0~1531-d619]:main():lattice-best-path.cc:99) For utterance 7_567, best cost 345.584 + 24465.2 = 24810.8 over 253 frames.
7_567 five six seven 
LOG (lattice-best-path[5.5.0~1531-d619]:main():lattice-best-path.cc:99) For utterance 7_678, best cost 328.408 + 24536.6 = 24865 over 249 frames.
7_678 six seven eight 
LOG (lattice-best-path[5.5.0~1531-d619]:main():lattice-best-path.cc:99) For utterance 7_748, best cost 430.691 + 25232.5 = 25663.2 over 240 frames.
7_748 seven five eight 
LOG (lattice-best-path[5.5.0~1531-d619]:main():lattice-best-path.cc:99) For utterance 7_951, best cost 380.139 + 24870.5 = 25250.7 over 257 frames.
7_951 nine five one 
LOG (lattice-best-path[5.5.0~1531-d619]:main():lattice-best-path.cc:99) For utterance 8_122, best cost 293.353 + 21532.9 = 21826.2 over 248 frames.
8_122 one two two 
LOG (lattice-best-path[5.5.0~1531-d619]:main():lattice-best-path.cc:99) For utterance 8_221, best cost 296.484 + 21524.2 = 21820.6 over 258 frames.
8_221 two two one 
LOG (lattice-best-path[5.5.0~1531-d619]:main():lattice-best-path.cc:99) For utterance 8_235, best cost 313.407 + 23012.3 = 23325.7 over 261 frames.
8_235 two three five 
LOG (lattice-best-path[5.5.0~1531-d619]:main():lattice-best-path.cc:99) For utterance 8_348, best cost 327.52 + 26561.7 = 26889.2 over 306 frames.
8_348 three four eight 
LOG (lattice-best-path[5.5.0~1531-d619]:main():lattice-best-path.cc:99) For utterance 8_524, best cost 309.286 + 21247.9 = 21557.2 over 248 frames.
8_524 five two four 
LOG (lattice-best-path[5.5.0~1531-d619]:main():lattice-best-path.cc:99) For utterance 8_808, best cost 326.332 + 24834.2 = 25160.5 over 273 frames.
8_808 eight zero eight 
LOG (lattice-best-path[5.5.0~1531-d619]:main():lattice-best-path.cc:124) Overall cost per frame is 88.7611 = 1.33481 [graph] + 87.4263 [acoustic] over 12493 frames.
LOG (lattice-best-path[5.5.0~1531-d619]:main():lattice-best-path.cc:128) Done 48 lattices, failed for 0
# Accounting: time=0 threads=1
# Ended (code 0) at Sun Feb 21 02:53:53 UTC 2021, elapsed time 0 seconds
