# lattice-best-path --lm-scale=11 --word-symbol-table=exp/tri1/graph/words.txt "ark:gunzip -c exp/tri1/decode/lat.*.gz|" ark,t:exp/tri1/decode/scoring/11.tra 
# Started at Sun Feb 21 02:53:53 UTC 2021
#
lattice-best-path --lm-scale=11 --word-symbol-table=exp/tri1/graph/words.txt 'ark:gunzip -c exp/tri1/decode/lat.*.gz|' ark,t:exp/tri1/decode/scoring/11.tra 
LOG (lattice-best-path[5.5.0~1531-d619]:main():lattice-best-path.cc:99) For utterance 1_584, best cost 272.138 + 20072.5 = 20344.7 over 220 frames.
1_584 five eight four 
LOG (lattice-best-path[5.5.0~1531-d619]:main():lattice-best-path.cc:99) For utterance 1_774, best cost 293.644 + 20762 = 21055.7 over 240 frames.
1_774 seven seven four 
LOG (lattice-best-path[5.5.0~1531-d619]:main():lattice-best-path.cc:99) For utterance 1_789, best cost 259.089 + 19687.4 = 19946.5 over 226 frames.
1_789 seven eight nine 
LOG (lattice-best-path[5.5.0~1531-d619]:main():lattice-best-path.cc:99) For utterance 1_897, best cost 256.297 + 18706.1 = 18962.4 over 210 frames.
1_897 eight nine seven 
LOG (lattice-best-path[5.5.0~1531-d619]:main():lattice-best-path.cc:99) For utterance 1_905, best cost 258.573 + 19101.6 = 19360.2 over 223 frames.
1_905 nine zero five 
LOG (lattice-best-path[5.5.0~1531-d619]:main():lattice-best-path.cc:99) For utterance 1_964, best cost 258.694 + 18125.9 = 18384.6 over 208 frames.
1_964 nine six four 
LOG (lattice-best-path[5.5.0~1531-d619]:main():lattice-best-path.cc:99) For utterance 2_021, best cost 242.335 + 19228.7 = 19471.1 over 247 frames.
2_021 zero two one 
LOG (lattice-best-path[5.5.0~1531-d619]:main():lattice-best-path.cc:99) For utterance 2_578, best cost 262.507 + 18804.1 = 19066.6 over 228 frames.
2_578 five seven eight 
LOG (lattice-best-path[5.5.0~1531-d619]:main():lattice-best-path.cc:99) For utterance 2_702, best cost 269.464 + 21290.1 = 21559.6 over 268 frames.
2_702 seven zero two 
LOG (lattice-best-path[5.5.0~1531-d619]:main():lattice-best-path.cc:99) For utterance 2_718, best cost 262.251 + 19775.1 = 20037.4 over 248 frames.
2_718 seven one eight 
LOG (lattice-best-path[5.5.0~1531-d619]:main():lattice-best-path.cc:99) For utterance 2_789, best cost 270.712 + 21804.4 = 22075.1 over 249 frames.
2_789 seven eight nine 
LOG (lattice-best-path[5.5.0~1531-d619]:main():lattice-best-path.cc:99) For utterance 2_891, best cost 250.189 + 20889.1 = 21139.3 over 235 frames.
2_891 eight nine one 
LOG (lattice-best-path[5.5.0~1531-d619]:main():lattice-best-path.cc:99) For utterance 3_132, best cost 280.533 + 22600 = 22880.6 over 276 frames.
3_132 one three two 
LOG (lattice-best-path[5.5.0~1531-d619]:main():lattice-best-path.cc:99) For utterance 3_254, best cost 243.422 + 20619.1 = 20862.5 over 256 frames.
3_254 two five four 
LOG (lattice-best-path[5.5.0~1531-d619]:main():lattice-best-path.cc:99) For utterance 3_467, best cost 271.967 + 21873.8 = 22145.7 over 272 frames.
3_467 four six seven 
LOG (lattice-best-path[5.5.0~1531-d619]:main():lattice-best-path.cc:99) For utterance 3_587, best cost 257.193 + 19865.7 = 20122.9 over 238 frames.
3_587 five eight seven 
LOG (lattice-best-path[5.5.0~1531-d619]:main():lattice-best-path.cc:99) For utterance 3_789, best cost 257.389 + 20273.3 = 20530.7 over 247 frames.
3_789 seven eight nine 
LOG (lattice-best-path[5.5.0~1531-d619]:main():lattice-best-path.cc:99) For utterance 3_945, best cost 253.682 + 20718.5 = 20972.2 over 258 frames.
3_945 nine four five 
LOG (lattice-best-path[5.5.0~1531-d619]:main():lattice-best-path.cc:99) For utterance 4_112, best cost 240.204 + 17536.8 = 17777 over 227 frames.
4_112 one one two 
LOG (lattice-best-path[5.5.0~1531-d619]:main():lattice-best-path.cc:99) For utterance 4_141, best cost 248.385 + 18564.8 = 18813.1 over 241 frames.
4_141 one four one 
LOG (lattice-best-path[5.5.0~1531-d619]:main():lattice-best-path.cc:99) For utterance 4_412, best cost 240.214 + 18120 = 18360.2 over 233 frames.
4_412 four one two 
LOG (lattice-best-path[5.5.0~1531-d619]:main():lattice-best-path.cc:99) For utterance 4_596, best cost 265.946 + 21553.8 = 21819.7 over 254 frames.
4_596 five nine six 
LOG (lattice-best-path[5.5.0~1531-d619]:main():lattice-best-path.cc:99) For utterance 4_841, best cost 250.156 + 21192.4 = 21442.5 over 263 frames.
4_841 eight four one 
LOG (lattice-best-path[5.5.0~1531-d619]:main():lattice-best-path.cc:99) For utterance 4_984, best cost 249.499 + 21050.5 = 21300 over 249 frames.
4_984 nine eight four 
LOG (lattice-best-path[5.5.0~1531-d619]:main():lattice-best-path.cc:99) For utterance 5_105, best cost 264.13 + 26691.9 = 26956 over 310 frames.
5_105 one zero five 
LOG (lattice-best-path[5.5.0~1531-d619]:main():lattice-best-path.cc:99) For utterance 5_236, best cost 285.146 + 26341.7 = 26626.9 over 306 frames.
5_236 two three six 
LOG (lattice-best-path[5.5.0~1531-d619]:main():lattice-best-path.cc:99) For utterance 5_415, best cost 249.369 + 18683.8 = 18933.2 over 230 frames.
5_415 four one five 
LOG (lattice-best-path[5.5.0~1531-d619]:main():lattice-best-path.cc:99) For utterance 5_419, best cost 260.649 + 27685.6 = 27946.3 over 327 frames.
5_419 four one nine 
LOG (lattice-best-path[5.5.0~1531-d619]:main():lattice-best-path.cc:99) For utterance 5_742, best cost 253.003 + 22230.3 = 22483.3 over 268 frames.
5_742 seven four two 
LOG (lattice-best-path[5.5.0~1531-d619]:main():lattice-best-path.cc:99) For utterance 5_986, best cost 295.66 + 26770.9 = 27066.6 over 307 frames.
5_986 nine eight six 
LOG (lattice-best-path[5.5.0~1531-d619]:main():lattice-best-path.cc:99) For utterance 6_032, best cost 348.023 + 29846.5 = 30194.5 over 311 frames.
6_032 zero three two 
LOG (lattice-best-path[5.5.0~1531-d619]:main():lattice-best-path.cc:99) For utterance 6_123, best cost 372.902 + 27635.6 = 28008.6 over 276 frames.
6_123 one two eight three eight 
LOG (lattice-best-path[5.5.0~1531-d619]:main():lattice-best-path.cc:99) For utterance 6_230, best cost 286.344 + 24309.5 = 24595.8 over 274 frames.
6_230 two three zero 
LOG (lattice-best-path[5.5.0~1531-d619]:main():lattice-best-path.cc:99) For utterance 6_234, best cost 326.018 + 27086.8 = 27412.8 over 289 frames.
6_234 two three four 
LOG (lattice-best-path[5.5.0~1531-d619]:main():lattice-best-path.cc:99) For utterance 6_450, best cost 354.451 + 29780.5 = 30134.9 over 297 frames.
6_450 four five zero 
LOG (lattice-best-path[5.5.0~1531-d619]:main():lattice-best-path.cc:99) For utterance 6_560, best cost 358.826 + 32994.5 = 33353.3 over 323 frames.
6_560 five six zero 
LOG (lattice-best-path[5.5.0~1531-d619]:main():lattice-best-path.cc:99) For utterance 7_011, best cost 283.11 + 23954.4 = 24237.5 over 282 frames.
7_011 zero one one 
LOG (lattice-best-path[5.5.0~1531-d619]:main():lattice-best-path.cc:99) For utterance 7_230, best cost 317.247 + 28171.4 = 28488.7 over 284 frames.
7_230 two three zero 
LOG (lattice-best-path[5.5.0~1531-d619]:main():lattice-best-path.cc:99) For utterance 7_567, best cost 271.53 + 24465.2 = 24736.7 over 253 frames.
7_567 five six seven 
LOG (lattice-best-path[5.5.0~1531-d619]:main():lattice-best-path.cc:99) For utterance 7_678, best cost 258.035 + 24536.6 = 24794.6 over 249 frames.
7_678 six seven eight 
LOG (lattice-best-path[5.5.0~1531-d619]:main():lattice-best-path.cc:99) For utterance 7_748, best cost 338.4 + 25232.5 = 25570.9 over 240 frames.
7_748 seven five eight 
LOG (lattice-best-path[5.5.0~1531-d619]:main():lattice-best-path.cc:99) For utterance 7_951, best cost 298.681 + 24870.5 = 25169.2 over 257 frames.
7_951 nine five one 
LOG (lattice-best-path[5.5.0~1531-d619]:main():lattice-best-path.cc:99) For utterance 8_122, best cost 230.492 + 21532.9 = 21763.3 over 248 frames.
8_122 one two two 
LOG (lattice-best-path[5.5.0~1531-d619]:main():lattice-best-path.cc:99) For utterance 8_221, best cost 232.952 + 21524.2 = 21757.1 over 258 frames.
8_221 two two one 
LOG (lattice-best-path[5.5.0~1531-d619]:main():lattice-best-path.cc:99) For utterance 8_235, best cost 246.248 + 23012.3 = 23258.6 over 261 frames.
8_235 two three five 
LOG (lattice-best-path[5.5.0~1531-d619]:main():lattice-best-path.cc:99) For utterance 8_348, best cost 257.337 + 26561.7 = 26819 over 306 frames.
8_348 three four eight 
LOG (lattice-best-path[5.5.0~1531-d619]:main():lattice-best-path.cc:99) For utterance 8_524, best cost 243.011 + 21247.9 = 21490.9 over 248 frames.
8_524 five two four 
LOG (lattice-best-path[5.5.0~1531-d619]:main():lattice-best-path.cc:99) For utterance 8_808, best cost 256.404 + 24834.2 = 25090.6 over 273 frames.
8_808 eight zero eight 
LOG (lattice-best-path[5.5.0~1531-d619]:main():lattice-best-path.cc:124) Overall cost per frame is 88.4751 = 1.04878 [graph] + 87.4263 [acoustic] over 12493 frames.
LOG (lattice-best-path[5.5.0~1531-d619]:main():lattice-best-path.cc:128) Done 48 lattices, failed for 0
# Accounting: time=0 threads=1
# Ended (code 0) at Sun Feb 21 02:53:53 UTC 2021, elapsed time 0 seconds
